<?xml version="1.0" encoding="UTF-8"?>
<testng-results skipped="0" failed="0" total="1" passed="1">
  <reporter-output>
  </reporter-output>
  <suite name="Sanity on the-ascott site" duration-ms="98382" started-at="2018-05-07T16:05:11Z" finished-at="2018-05-07T16:06:49Z">
    <groups>
    </groups>
    <test name="Sanity for the-ascott" duration-ms="98382" started-at="2018-05-07T16:05:11Z" finished-at="2018-05-07T16:06:49Z">
      <class name="com.selenium.testcases.AppTest">
        <test-method status="PASS" signature="TestCase1()[pri:0, instance:com.selenium.testcases.AppTest@17550481]" test-instance-name="" name="TestCase1" duration-ms="98368" started-at="2018-05-07T23:05:11Z" finished-at="2018-05-07T23:06:49Z">
          <reporter-output>
          </reporter-output>
        </test-method> <!-- TestCase1 -->
      </class> <!-- com.selenium.testcases.AppTest -->
    </test> <!-- Sanity for the-ascott -->
  </suite> <!-- Sanity on the-ascott site -->
</testng-results>
